
--> MUTATION :: FPIBO_20.c

make: Entering directory `/home/jay/Desktop/Mutate/Mutate/CRaft-master'
gcc -g -Werror -Werror=return-type -Werror=uninitialized -Wcast-align -fno-omit-frame-pointer -fno-common -fsigned-char -fprofile-arcs -ftest-coverage -I./CLinkedListQueue -Iinclude -o tests_main raft_server.c raft_server_properties.c raft_log.c raft_node.c tests/main_test.c tests/test_server.c tests/test_node.c tests/test_log.c tests/test_scenario.c tests/mock_send_functions.c tests/CuTest.c CLinkedListQueue/linked_list_queue.c
./tests_main
 running TestLog_new_is_empty
 running TestLog_append_is_not_empty
 running TestLog_get_at_idx
 running TestLog_get_at_idx_returns_null_where_out_of_bounds
 running TestLog_mark_node_has_committed_adds_nodes
 running TestLog_delete
 running TestLog_delete_onwards
 running TestLog_peektail
 running TestRaft_node_set_nextIdx
 running TestRaft_scenario_leader_appears
 running TestRaft_server_voted_for_records_who_we_voted_for
 running TestRaft_server_idx_starts_at_1
 running TestRaft_server_currentterm_defaults_to_0
 running TestRaft_server_set_currentterm_sets_term
 running TestRaft_server_voting_results_in_voting
 running TestRaft_election_start_increments_term
 running TestRaft_set_state
 running TestRaft_server_starts_as_follower
 running TestRaft_server_starts_with_election_timeout_of_1000ms
 running TestRaft_server_starts_with_request_timeout_of_200ms
 running TestRaft_server_entry_append_cant_append_if_id_is_zero
 running TestRaft_server_entry_append_increases_logidx
 running TestRaft_server_append_entry_means_entry_gets_current_term
 running TestRaft_server_entry_is_retrieveable_using_idx
 running TestRaft_server_wont_apply_entry_if_we_dont_have_entry_to_apply
 running TestRaft_server_increment_lastApplied_when_lastApplied_lt_commitidx
 running TestRaft_server_apply_entry_increments_last_applied_idx
 running TestRaft_server_periodic_elapses_election_timeout
 running TestRaft_server_election_timeout_sets_to_zero_when_elapsed_time_greater_than_timeout
 running TestRaft_server_cfg_sets_num_nodes
 running TestRaft_server_cant_get_node_we_dont_have
 running TestRaft_votes_are_majority_is_true
 running TestRaft_server_dont_increase_votes_for_me_when_receive_request_vote_response_is_not_granted
 running TestRaft_server_increase_votes_for_me_when_receive_request_vote_response
 running TestRaft_server_recv_requestvote_reply_false_if_term_less_than_current_term
 running TestRaft_server_dont_grant_vote_if_we_didnt_vote_for_this_candidate
 running TestRaft_follower_becomes_follower_is_follower
 running TestRaft_follower_becomes_follower_clears_voted_for
 running TestRaft_follower_recv_appendentries_reply_false_if_term_less_than_currentterm
 running TestRaft_follower_recv_appendentries_updates_currentterm_if_term_gt_currentterm
 running TestRaft_follower_doesnt_log_after_appendentry_if_no_entries_are_specified
 running TestRaft_follower_increases_log_after_appendentry
 running TestRaft_follower_recv_appendentries_reply_false_if_doesnt_have_log_at_prev_log_idx_which_matches_prev_log_term
 running TestRaft_follower_recv_appendentries_delete_entries_if_conflict_with_new_entries
 running TestRaft_follower_recv_appendentries_add_new_entries_not_already_in_log
 running TestRaft_follower_recv_appendentries_set_commitidx_to_prevLogIdx
 running TestRaft_follower_recv_appendentries_set_commitidx_to_LeaderCommit
 running TestRaft_follower_becomes_candidate_when_election_timeout_occurs
 running TestRaft_follower_dont_grant_vote_if_candidate_has_a_less_complete_log
 running TestRaft_candidate_becomes_candidate_is_candidate
 running TestRaft_follower_becoming_candidate_increments_current_term
 running TestRaft_follower_becoming_candidate_votes_for_self
 running TestRaft_follower_becoming_candidate_resets_election_timeout
 running TestRaft_follower_receiving_appendentries_resets_election_timeout
 running TestRaft_follower_becoming_candidate_requests_votes_from_other_servers
 running TestRaft_candidate_election_timeout_and_no_leader_results_in_new_election
 running TestRaft_candidate_receives_majority_of_votes_becomes_leader
 running TestRaft_candidate_will_not_respond_to_voterequest_if_it_has_already_voted
 running TestRaft_candidate_requestvote_includes_logidx
 running TestRaft_candidate_recv_appendentries_frm_leader_results_in_follower
 running TestRaft_candidate_recv_appendentries_frm_invalid_leader_doesnt_result_in_follower
 running TestRaft_leader_becomes_leader_is_leader
 running TestRaft_leader_becomes_leader_clears_voted_for
 running TestRaft_leader_when_becomes_leader_all_nodes_have_nextidx_equal_to_lastlog_idx_plus_1
 running TestRaft_leader_when_it_becomes_a_leader_sends_empty_appendentries
 running TestRaft_leader_responds_to_entry_msg_when_entry_is_committed
 running TestRaft_leader_sends_appendentries_with_NextIdx_when_PrevIdx_gt_NextIdx
 running TestRaft_leader_retries_appendentries_with_decremented_NextIdx_log_inconsistency
 running TestRaft_leader_append_entry_to_log_increases_idxno
 running TestRaft_leader_increase_commit_idx_when_majority_have_entry_and_atleast_one_newer_entry
 running TestRaft_leader_steps_down_if_received_appendentries_is_newer_than_itself
OK (71 tests)

make: Leaving directory `/home/jay/Desktop/Mutate/Mutate/CRaft-master'

--> MUTATION :: RER2NO_0.c

make: Entering directory `/home/jay/Desktop/Mutate/Mutate/CRaft-master'
gcc -g -Werror -Werror=return-type -Werror=uninitialized -Wcast-align -fno-omit-frame-pointer -fno-common -fsigned-char -fprofile-arcs -ftest-coverage -I./CLinkedListQueue -Iinclude -o tests_main raft_server.c raft_server_properties.c raft_log.c raft_node.c tests/main_test.c tests/test_server.c tests/test_node.c tests/test_log.c tests/test_scenario.c tests/mock_send_functions.c tests/CuTest.c CLinkedListQueue/linked_list_queue.c
raft_server.c: In function ‘raft_set_configuration’:
raft_server.c:367:19: error: assignment makes pointer from integer without a cast [-Werror]
         me->nodes = -1;
                   ^
cc1: all warnings being treated as errors
make: *** [tests_main] Error 1
make: Leaving directory `/home/jay/Desktop/Mutate/Mutate/CRaft-master'

--> MUTATION :: REC2A_0.c

make: Entering directory `/home/jay/Desktop/Mutate/Mutate/CRaft-master'
gcc -g -Werror -Werror=return-type -Werror=uninitialized -Wcast-align -fno-omit-frame-pointer -fno-common -fsigned-char -fprofile-arcs -ftest-coverage -I./CLinkedListQueue -Iinclude -o tests_main raft_server.c raft_server_properties.c raft_log.c raft_node.c tests/main_test.c tests/test_server.c tests/test_node.c tests/test_log.c tests/test_scenario.c tests/mock_send_functions.c tests/CuTest.c CLinkedListQueue/linked_list_queue.c
./tests_main
make: *** [tests_main] Segmentation fault (core dumped)
make: *** Deleting file `tests_main'
make: Leaving directory `/home/jay/Desktop/Mutate/Mutate/CRaft-master'

--> MUTATION :: REM2A_21.c

make: Entering directory `/home/jay/Desktop/Mutate/Mutate/CRaft-master'
gcc -g -Werror -Werror=return-type -Werror=uninitialized -Wcast-align -fno-omit-frame-pointer -fno-common -fsigned-char -fprofile-arcs -ftest-coverage -I./CLinkedListQueue -Iinclude -o tests_main raft_server.c raft_server_properties.c raft_log.c raft_node.c tests/main_test.c tests/test_server.c tests/test_node.c tests/test_log.c tests/test_scenario.c tests/mock_send_functions.c tests/CuTest.c CLinkedListQueue/linked_list_queue.c
./tests_main
 running TestLog_new_is_empty
 running TestLog_append_is_not_empty
 running TestLog_get_at_idx
 running TestLog_get_at_idx_returns_null_where_out_of_bounds
 running TestLog_mark_node_has_committed_adds_nodes
 running TestLog_delete
 running TestLog_delete_onwards
 running TestLog_peektail
 running TestRaft_node_set_nextIdx
 running TestRaft_scenario_leader_appears
 running TestRaft_server_voted_for_records_who_we_voted_for
 running TestRaft_server_idx_starts_at_1
 running TestRaft_server_currentterm_defaults_to_0
 running TestRaft_server_set_currentterm_sets_term
 running TestRaft_server_voting_results_in_voting
 running TestRaft_election_start_increments_term
 running TestRaft_set_state
 running TestRaft_server_starts_as_follower
 running TestRaft_server_starts_with_election_timeout_of_1000ms
 running TestRaft_server_starts_with_request_timeout_of_200ms
 running TestRaft_server_entry_append_cant_append_if_id_is_zero
 running TestRaft_server_entry_append_increases_logidx
 running TestRaft_server_append_entry_means_entry_gets_current_term
 running TestRaft_server_entry_is_retrieveable_using_idx
 running TestRaft_server_wont_apply_entry_if_we_dont_have_entry_to_apply
 running TestRaft_server_increment_lastApplied_when_lastApplied_lt_commitidx
 running TestRaft_server_apply_entry_increments_last_applied_idx
 running TestRaft_server_periodic_elapses_election_timeout
 running TestRaft_server_election_timeout_sets_to_zero_when_elapsed_time_greater_than_timeout
 running TestRaft_server_cfg_sets_num_nodes
 running TestRaft_server_cant_get_node_we_dont_have
 running TestRaft_votes_are_majority_is_true
 running TestRaft_server_dont_increase_votes_for_me_when_receive_request_vote_response_is_not_granted
 running TestRaft_server_increase_votes_for_me_when_receive_request_vote_response
 running TestRaft_server_recv_requestvote_reply_false_if_term_less_than_current_term
 running TestRaft_server_dont_grant_vote_if_we_didnt_vote_for_this_candidate
 running TestRaft_follower_becomes_follower_is_follower
 running TestRaft_follower_becomes_follower_clears_voted_for
 running TestRaft_follower_recv_appendentries_reply_false_if_term_less_than_currentterm
 running TestRaft_follower_recv_appendentries_updates_currentterm_if_term_gt_currentterm
 running TestRaft_follower_doesnt_log_after_appendentry_if_no_entries_are_specified
 running TestRaft_follower_increases_log_after_appendentry
 running TestRaft_follower_recv_appendentries_reply_false_if_doesnt_have_log_at_prev_log_idx_which_matches_prev_log_term
 running TestRaft_follower_recv_appendentries_delete_entries_if_conflict_with_new_entries
 running TestRaft_follower_recv_appendentries_add_new_entries_not_already_in_log
 running TestRaft_follower_recv_appendentries_set_commitidx_to_prevLogIdx
 running TestRaft_follower_recv_appendentries_set_commitidx_to_LeaderCommit
 running TestRaft_follower_becomes_candidate_when_election_timeout_occurs
 running TestRaft_follower_dont_grant_vote_if_candidate_has_a_less_complete_log
 running TestRaft_candidate_becomes_candidate_is_candidate
 running TestRaft_follower_becoming_candidate_increments_current_term
 running TestRaft_follower_becoming_candidate_votes_for_self
 running TestRaft_follower_becoming_candidate_resets_election_timeout
 running TestRaft_follower_receiving_appendentries_resets_election_timeout
 running TestRaft_follower_becoming_candidate_requests_votes_from_other_servers
 running TestRaft_candidate_election_timeout_and_no_leader_results_in_new_election
 running TestRaft_candidate_receives_majority_of_votes_becomes_leader
 running TestRaft_candidate_will_not_respond_to_voterequest_if_it_has_already_voted
 running TestRaft_candidate_requestvote_includes_logidx
 running TestRaft_candidate_recv_appendentries_frm_leader_results_in_follower
 running TestRaft_candidate_recv_appendentries_frm_invalid_leader_doesnt_result_in_follower
 running TestRaft_leader_becomes_leader_is_leader
 running TestRaft_leader_becomes_leader_clears_voted_for
 running TestRaft_leader_when_becomes_leader_all_nodes_have_nextidx_equal_to_lastlog_idx_plus_1
 running TestRaft_leader_when_it_becomes_a_leader_sends_empty_appendentries
 running TestRaft_leader_responds_to_entry_msg_when_entry_is_committed
 running TestRaft_leader_sends_appendentries_with_NextIdx_when_PrevIdx_gt_NextIdx
 running TestRaft_leader_retries_appendentries_with_decremented_NextIdx_log_inconsistency
 running TestRaft_leader_append_entry_to_log_increases_idxno
 running TestRaft_leader_increase_commit_idx_when_majority_have_entry_and_atleast_one_newer_entry
 running TestRaft_leader_steps_down_if_received_appendentries_is_newer_than_itself
OK (71 tests)

make: Leaving directory `/home/jay/Desktop/Mutate/Mutate/CRaft-master'

--> MUTATION :: REM2N_0.c

make: Entering directory `/home/jay/Desktop/Mutate/Mutate/CRaft-master'
gcc -g -Werror -Werror=return-type -Werror=uninitialized -Wcast-align -fno-omit-frame-pointer -fno-common -fsigned-char -fprofile-arcs -ftest-coverage -I./CLinkedListQueue -Iinclude -o tests_main raft_server.c raft_server_properties.c raft_log.c raft_node.c tests/main_test.c tests/test_server.c tests/test_node.c tests/test_log.c tests/test_scenario.c tests/mock_send_functions.c tests/CuTest.c CLinkedListQueue/linked_list_queue.c
./tests_main
make: *** [tests_main] Segmentation fault (core dumped)
make: *** Deleting file `tests_main'
make: Leaving directory `/home/jay/Desktop/Mutate/Mutate/CRaft-master'

--> MUTATION :: REC2A_1.c

make: Entering directory `/home/jay/Desktop/Mutate/Mutate/CRaft-master'
gcc -g -Werror -Werror=return-type -Werror=uninitialized -Wcast-align -fno-omit-frame-pointer -fno-common -fsigned-char -fprofile-arcs -ftest-coverage -I./CLinkedListQueue -Iinclude -o tests_main raft_server.c raft_server_properties.c raft_log.c raft_node.c tests/main_test.c tests/test_server.c tests/test_node.c tests/test_log.c tests/test_scenario.c tests/mock_send_functions.c tests/CuTest.c CLinkedListQueue/linked_list_queue.c
./tests_main
make: *** [tests_main] Segmentation fault (core dumped)
make: *** Deleting file `tests_main'
make: Leaving directory `/home/jay/Desktop/Mutate/Mutate/CRaft-master'

--> MUTATION :: REC2N_1.c

make: Entering directory `/home/jay/Desktop/Mutate/Mutate/CRaft-master'
gcc -g -Werror -Werror=return-type -Werror=uninitialized -Wcast-align -fno-omit-frame-pointer -fno-common -fsigned-char -fprofile-arcs -ftest-coverage -I./CLinkedListQueue -Iinclude -o tests_main raft_server.c raft_server_properties.c raft_log.c raft_node.c tests/main_test.c tests/test_server.c tests/test_node.c tests/test_log.c tests/test_scenario.c tests/mock_send_functions.c tests/CuTest.c CLinkedListQueue/linked_list_queue.c
./tests_main
make: *** [tests_main] Segmentation fault (core dumped)
make: *** Deleting file `tests_main'
make: Leaving directory `/home/jay/Desktop/Mutate/Mutate/CRaft-master'

--> MUTATION :: REC2NO_1.c

make: Entering directory `/home/jay/Desktop/Mutate/Mutate/CRaft-master'
gcc -g -Werror -Werror=return-type -Werror=uninitialized -Wcast-align -fno-omit-frame-pointer -fno-common -fsigned-char -fprofile-arcs -ftest-coverage -I./CLinkedListQueue -Iinclude -o tests_main raft_server.c raft_server_properties.c raft_log.c raft_node.c tests/main_test.c tests/test_server.c tests/test_node.c tests/test_log.c tests/test_scenario.c tests/mock_send_functions.c tests/CuTest.c CLinkedListQueue/linked_list_queue.c
raft_server.c: In function ‘raft_set_configuration’:
raft_server.c:371:22: error: assignment makes pointer from integer without a cast [-Werror]
     me->votes_for_me = -1;
                      ^
cc1: all warnings being treated as errors
make: *** [tests_main] Error 1
make: Leaving directory `/home/jay/Desktop/Mutate/Mutate/CRaft-master'

--> MUTATION :: REM2NO_1.c

make: Entering directory `/home/jay/Desktop/Mutate/Mutate/CRaft-master'
gcc -g -Werror -Werror=return-type -Werror=uninitialized -Wcast-align -fno-omit-frame-pointer -fno-common -fsigned-char -fprofile-arcs -ftest-coverage -I./CLinkedListQueue -Iinclude -o tests_main raft_server.c raft_server_properties.c raft_log.c raft_node.c tests/main_test.c tests/test_server.c tests/test_node.c tests/test_log.c tests/test_scenario.c tests/mock_send_functions.c tests/CuTest.c CLinkedListQueue/linked_list_queue.c
raft_server.c: In function ‘raft_recv_appendentries’:
raft_server.c:212:17: error: assignment makes pointer from integer without a cast [-Werror]
         c->data = -1;
                 ^
cc1: all warnings being treated as errors
make: *** [tests_main] Error 1
make: Leaving directory `/home/jay/Desktop/Mutate/Mutate/CRaft-master'

--> MUTATION :: REC2M_1.c

make: Entering directory `/home/jay/Desktop/Mutate/Mutate/CRaft-master'
gcc -g -Werror -Werror=return-type -Werror=uninitialized -Wcast-align -fno-omit-frame-pointer -fno-common -fsigned-char -fprofile-arcs -ftest-coverage -I./CLinkedListQueue -Iinclude -o tests_main raft_server.c raft_server_properties.c raft_log.c raft_node.c tests/main_test.c tests/test_server.c tests/test_node.c tests/test_log.c tests/test_scenario.c tests/mock_send_functions.c tests/CuTest.c CLinkedListQueue/linked_list_queue.c
./tests_main
 running TestLog_new_is_empty
 running TestLog_append_is_not_empty
 running TestLog_get_at_idx
 running TestLog_get_at_idx_returns_null_where_out_of_bounds
 running TestLog_mark_node_has_committed_adds_nodes
 running TestLog_delete
 running TestLog_delete_onwards
 running TestLog_peektail
 running TestRaft_node_set_nextIdx
 running TestRaft_scenario_leader_appears
 running TestRaft_server_voted_for_records_who_we_voted_for
 running TestRaft_server_idx_starts_at_1
 running TestRaft_server_currentterm_defaults_to_0
 running TestRaft_server_set_currentterm_sets_term
 running TestRaft_server_voting_results_in_voting
 running TestRaft_election_start_increments_term
 running TestRaft_set_state
 running TestRaft_server_starts_as_follower
 running TestRaft_server_starts_with_election_timeout_of_1000ms
 running TestRaft_server_starts_with_request_timeout_of_200ms
 running TestRaft_server_entry_append_cant_append_if_id_is_zero
 running TestRaft_server_entry_append_increases_logidx
 running TestRaft_server_append_entry_means_entry_gets_current_term
 running TestRaft_server_entry_is_retrieveable_using_idx
 running TestRaft_server_wont_apply_entry_if_we_dont_have_entry_to_apply
 running TestRaft_server_increment_lastApplied_when_lastApplied_lt_commitidx
 running TestRaft_server_apply_entry_increments_last_applied_idx
 running TestRaft_server_periodic_elapses_election_timeout
 running TestRaft_server_election_timeout_sets_to_zero_when_elapsed_time_greater_than_timeout
 running TestRaft_server_cfg_sets_num_nodes
 running TestRaft_server_cant_get_node_we_dont_have
 running TestRaft_votes_are_majority_is_true
 running TestRaft_server_dont_increase_votes_for_me_when_receive_request_vote_response_is_not_granted
 running TestRaft_server_increase_votes_for_me_when_receive_request_vote_response
 running TestRaft_server_recv_requestvote_reply_false_if_term_less_than_current_term
 running TestRaft_server_dont_grant_vote_if_we_didnt_vote_for_this_candidate
 running TestRaft_follower_becomes_follower_is_follower
 running TestRaft_follower_becomes_follower_clears_voted_for
 running TestRaft_follower_recv_appendentries_reply_false_if_term_less_than_currentterm
 running TestRaft_follower_recv_appendentries_updates_currentterm_if_term_gt_currentterm
 running TestRaft_follower_doesnt_log_after_appendentry_if_no_entries_are_specified
 running TestRaft_follower_increases_log_after_appendentry
 running TestRaft_follower_recv_appendentries_reply_false_if_doesnt_have_log_at_prev_log_idx_which_matches_prev_log_term
 running TestRaft_follower_recv_appendentries_delete_entries_if_conflict_with_new_entries
 running TestRaft_follower_recv_appendentries_add_new_entries_not_already_in_log
 running TestRaft_follower_recv_appendentries_set_commitidx_to_prevLogIdx
 running TestRaft_follower_recv_appendentries_set_commitidx_to_LeaderCommit
 running TestRaft_follower_becomes_candidate_when_election_timeout_occurs
 running TestRaft_follower_dont_grant_vote_if_candidate_has_a_less_complete_log
 running TestRaft_candidate_becomes_candidate_is_candidate
 running TestRaft_follower_becoming_candidate_increments_current_term
 running TestRaft_follower_becoming_candidate_votes_for_self
 running TestRaft_follower_becoming_candidate_resets_election_timeout
 running TestRaft_follower_receiving_appendentries_resets_election_timeout
 running TestRaft_follower_becoming_candidate_requests_votes_from_other_servers
 running TestRaft_candidate_election_timeout_and_no_leader_results_in_new_election
 running TestRaft_candidate_receives_majority_of_votes_becomes_leader
 running TestRaft_candidate_will_not_respond_to_voterequest_if_it_has_already_voted
 running TestRaft_candidate_requestvote_includes_logidx
 running TestRaft_candidate_recv_appendentries_frm_leader_results_in_follower
 running TestRaft_candidate_recv_appendentries_frm_invalid_leader_doesnt_result_in_follower
 running TestRaft_leader_becomes_leader_is_leader
 running TestRaft_leader_becomes_leader_clears_voted_for
 running TestRaft_leader_when_becomes_leader_all_nodes_have_nextidx_equal_to_lastlog_idx_plus_1
 running TestRaft_leader_when_it_becomes_a_leader_sends_empty_appendentries
 running TestRaft_leader_responds_to_entry_msg_when_entry_is_committed
 running TestRaft_leader_sends_appendentries_with_NextIdx_when_PrevIdx_gt_NextIdx
 running TestRaft_leader_retries_appendentries_with_decremented_NextIdx_log_inconsistency
 running TestRaft_leader_append_entry_to_log_increases_idxno
 running TestRaft_leader_increase_commit_idx_when_majority_have_entry_and_atleast_one_newer_entry
 running TestRaft_leader_steps_down_if_received_appendentries_is_newer_than_itself
OK (71 tests)

make: Leaving directory `/home/jay/Desktop/Mutate/Mutate/CRaft-master'

--> MUTATION :: REC2M_0.c

make: Entering directory `/home/jay/Desktop/Mutate/Mutate/CRaft-master'
gcc -g -Werror -Werror=return-type -Werror=uninitialized -Wcast-align -fno-omit-frame-pointer -fno-common -fsigned-char -fprofile-arcs -ftest-coverage -I./CLinkedListQueue -Iinclude -o tests_main raft_server.c raft_server_properties.c raft_log.c raft_node.c tests/main_test.c tests/test_server.c tests/test_node.c tests/test_log.c tests/test_scenario.c tests/mock_send_functions.c tests/CuTest.c CLinkedListQueue/linked_list_queue.c
./tests_main
 running TestLog_new_is_empty
 running TestLog_append_is_not_empty
 running TestLog_get_at_idx
 running TestLog_get_at_idx_returns_null_where_out_of_bounds
 running TestLog_mark_node_has_committed_adds_nodes
 running TestLog_delete
 running TestLog_delete_onwards
 running TestLog_peektail
 running TestRaft_node_set_nextIdx
 running TestRaft_scenario_leader_appears
 running TestRaft_server_voted_for_records_who_we_voted_for
 running TestRaft_server_idx_starts_at_1
 running TestRaft_server_currentterm_defaults_to_0
 running TestRaft_server_set_currentterm_sets_term
 running TestRaft_server_voting_results_in_voting
 running TestRaft_election_start_increments_term
 running TestRaft_set_state
 running TestRaft_server_starts_as_follower
 running TestRaft_server_starts_with_election_timeout_of_1000ms
 running TestRaft_server_starts_with_request_timeout_of_200ms
 running TestRaft_server_entry_append_cant_append_if_id_is_zero
 running TestRaft_server_entry_append_increases_logidx
 running TestRaft_server_append_entry_means_entry_gets_current_term
 running TestRaft_server_entry_is_retrieveable_using_idx
 running TestRaft_server_wont_apply_entry_if_we_dont_have_entry_to_apply
 running TestRaft_server_increment_lastApplied_when_lastApplied_lt_commitidx
 running TestRaft_server_apply_entry_increments_last_applied_idx
 running TestRaft_server_periodic_elapses_election_timeout
 running TestRaft_server_election_timeout_sets_to_zero_when_elapsed_time_greater_than_timeout
 running TestRaft_server_cfg_sets_num_nodes
 running TestRaft_server_cant_get_node_we_dont_have
 running TestRaft_votes_are_majority_is_true
 running TestRaft_server_dont_increase_votes_for_me_when_receive_request_vote_response_is_not_granted
 running TestRaft_server_increase_votes_for_me_when_receive_request_vote_response
 running TestRaft_server_recv_requestvote_reply_false_if_term_less_than_current_term
 running TestRaft_server_dont_grant_vote_if_we_didnt_vote_for_this_candidate
 running TestRaft_follower_becomes_follower_is_follower
 running TestRaft_follower_becomes_follower_clears_voted_for
 running TestRaft_follower_recv_appendentries_reply_false_if_term_less_than_currentterm
 running TestRaft_follower_recv_appendentries_updates_currentterm_if_term_gt_currentterm
 running TestRaft_follower_doesnt_log_after_appendentry_if_no_entries_are_specified
 running TestRaft_follower_increases_log_after_appendentry
 running TestRaft_follower_recv_appendentries_reply_false_if_doesnt_have_log_at_prev_log_idx_which_matches_prev_log_term
 running TestRaft_follower_recv_appendentries_delete_entries_if_conflict_with_new_entries
 running TestRaft_follower_recv_appendentries_add_new_entries_not_already_in_log
 running TestRaft_follower_recv_appendentries_set_commitidx_to_prevLogIdx
 running TestRaft_follower_recv_appendentries_set_commitidx_to_LeaderCommit
 running TestRaft_follower_becomes_candidate_when_election_timeout_occurs
 running TestRaft_follower_dont_grant_vote_if_candidate_has_a_less_complete_log
 running TestRaft_candidate_becomes_candidate_is_candidate
 running TestRaft_follower_becoming_candidate_increments_current_term
 running TestRaft_follower_becoming_candidate_votes_for_self
 running TestRaft_follower_becoming_candidate_resets_election_timeout
 running TestRaft_follower_receiving_appendentries_resets_election_timeout
 running TestRaft_follower_becoming_candidate_requests_votes_from_other_servers
 running TestRaft_candidate_election_timeout_and_no_leader_results_in_new_election
 running TestRaft_candidate_receives_majority_of_votes_becomes_leader
 running TestRaft_candidate_will_not_respond_to_voterequest_if_it_has_already_voted
 running TestRaft_candidate_requestvote_includes_logidx
 running TestRaft_candidate_recv_appendentries_frm_leader_results_in_follower
 running TestRaft_candidate_recv_appendentries_frm_invalid_leader_doesnt_result_in_follower
 running TestRaft_leader_becomes_leader_is_leader
 running TestRaft_leader_becomes_leader_clears_voted_for
 running TestRaft_leader_when_becomes_leader_all_nodes_have_nextidx_equal_to_lastlog_idx_plus_1
 running TestRaft_leader_when_it_becomes_a_leader_sends_empty_appendentries
 running TestRaft_leader_responds_to_entry_msg_when_entry_is_committed
 running TestRaft_leader_sends_appendentries_with_NextIdx_when_PrevIdx_gt_NextIdx
 running TestRaft_leader_retries_appendentries_with_decremented_NextIdx_log_inconsistency
 running TestRaft_leader_append_entry_to_log_increases_idxno
 running TestRaft_leader_increase_commit_idx_when_majority_have_entry_and_atleast_one_newer_entry
 running TestRaft_leader_steps_down_if_received_appendentries_is_newer_than_itself
OK (71 tests)

make: Leaving directory `/home/jay/Desktop/Mutate/Mutate/CRaft-master'

--> MUTATION :: RER2N_0.c

make: Entering directory `/home/jay/Desktop/Mutate/Mutate/CRaft-master'
gcc -g -Werror -Werror=return-type -Werror=uninitialized -Wcast-align -fno-omit-frame-pointer -fno-common -fsigned-char -fprofile-arcs -ftest-coverage -I./CLinkedListQueue -Iinclude -o tests_main raft_server.c raft_server_properties.c raft_log.c raft_node.c tests/main_test.c tests/test_server.c tests/test_node.c tests/test_log.c tests/test_scenario.c tests/mock_send_functions.c tests/CuTest.c CLinkedListQueue/linked_list_queue.c
./tests_main
make: *** [tests_main] Segmentation fault (core dumped)
make: *** Deleting file `tests_main'
make: Leaving directory `/home/jay/Desktop/Mutate/Mutate/CRaft-master'

--> MUTATION :: REM2A_20.c

make: Entering directory `/home/jay/Desktop/Mutate/Mutate/CRaft-master'
gcc -g -Werror -Werror=return-type -Werror=uninitialized -Wcast-align -fno-omit-frame-pointer -fno-common -fsigned-char -fprofile-arcs -ftest-coverage -I./CLinkedListQueue -Iinclude -o tests_main raft_server.c raft_server_properties.c raft_log.c raft_node.c tests/main_test.c tests/test_server.c tests/test_node.c tests/test_log.c tests/test_scenario.c tests/mock_send_functions.c tests/CuTest.c CLinkedListQueue/linked_list_queue.c
./tests_main
 running TestLog_new_is_empty
 running TestLog_append_is_not_empty
 running TestLog_get_at_idx
 running TestLog_get_at_idx_returns_null_where_out_of_bounds
 running TestLog_mark_node_has_committed_adds_nodes
 running TestLog_delete
 running TestLog_delete_onwards
 running TestLog_peektail
 running TestRaft_node_set_nextIdx
 running TestRaft_scenario_leader_appears
 running TestRaft_server_voted_for_records_who_we_voted_for
 running TestRaft_server_idx_starts_at_1
 running TestRaft_server_currentterm_defaults_to_0
 running TestRaft_server_set_currentterm_sets_term
 running TestRaft_server_voting_results_in_voting
 running TestRaft_election_start_increments_term
 running TestRaft_set_state
 running TestRaft_server_starts_as_follower
 running TestRaft_server_starts_with_election_timeout_of_1000ms
 running TestRaft_server_starts_with_request_timeout_of_200ms
 running TestRaft_server_entry_append_cant_append_if_id_is_zero
 running TestRaft_server_entry_append_increases_logidx
 running TestRaft_server_append_entry_means_entry_gets_current_term
 running TestRaft_server_entry_is_retrieveable_using_idx
 running TestRaft_server_wont_apply_entry_if_we_dont_have_entry_to_apply
 running TestRaft_server_increment_lastApplied_when_lastApplied_lt_commitidx
 running TestRaft_server_apply_entry_increments_last_applied_idx
 running TestRaft_server_periodic_elapses_election_timeout
 running TestRaft_server_election_timeout_sets_to_zero_when_elapsed_time_greater_than_timeout
 running TestRaft_server_cfg_sets_num_nodes
 running TestRaft_server_cant_get_node_we_dont_have
 running TestRaft_votes_are_majority_is_true
 running TestRaft_server_dont_increase_votes_for_me_when_receive_request_vote_response_is_not_granted
 running TestRaft_server_increase_votes_for_me_when_receive_request_vote_response
 running TestRaft_server_recv_requestvote_reply_false_if_term_less_than_current_term
 running TestRaft_server_dont_grant_vote_if_we_didnt_vote_for_this_candidate
 running TestRaft_follower_becomes_follower_is_follower
 running TestRaft_follower_becomes_follower_clears_voted_for
 running TestRaft_follower_recv_appendentries_reply_false_if_term_less_than_currentterm
 running TestRaft_follower_recv_appendentries_updates_currentterm_if_term_gt_currentterm
 running TestRaft_follower_doesnt_log_after_appendentry_if_no_entries_are_specified
 running TestRaft_follower_increases_log_after_appendentry
 running TestRaft_follower_recv_appendentries_reply_false_if_doesnt_have_log_at_prev_log_idx_which_matches_prev_log_term
 running TestRaft_follower_recv_appendentries_delete_entries_if_conflict_with_new_entries
 running TestRaft_follower_recv_appendentries_add_new_entries_not_already_in_log
 running TestRaft_follower_recv_appendentries_set_commitidx_to_prevLogIdx
 running TestRaft_follower_recv_appendentries_set_commitidx_to_LeaderCommit
 running TestRaft_follower_becomes_candidate_when_election_timeout_occurs
 running TestRaft_follower_dont_grant_vote_if_candidate_has_a_less_complete_log
 running TestRaft_candidate_becomes_candidate_is_candidate
 running TestRaft_follower_becoming_candidate_increments_current_term
 running TestRaft_follower_becoming_candidate_votes_for_self
 running TestRaft_follower_becoming_candidate_resets_election_timeout
 running TestRaft_follower_receiving_appendentries_resets_election_timeout
 running TestRaft_follower_becoming_candidate_requests_votes_from_other_servers
 running TestRaft_candidate_election_timeout_and_no_leader_results_in_new_election
 running TestRaft_candidate_receives_majority_of_votes_becomes_leader
 running TestRaft_candidate_will_not_respond_to_voterequest_if_it_has_already_voted
 running TestRaft_candidate_requestvote_includes_logidx
 running TestRaft_candidate_recv_appendentries_frm_leader_results_in_follower
 running TestRaft_candidate_recv_appendentries_frm_invalid_leader_doesnt_result_in_follower
 running TestRaft_leader_becomes_leader_is_leader
 running TestRaft_leader_becomes_leader_clears_voted_for
 running TestRaft_leader_when_becomes_leader_all_nodes_have_nextidx_equal_to_lastlog_idx_plus_1
 running TestRaft_leader_when_it_becomes_a_leader_sends_empty_appendentries
 running TestRaft_leader_responds_to_entry_msg_when_entry_is_committed
 running TestRaft_leader_sends_appendentries_with_NextIdx_when_PrevIdx_gt_NextIdx
 running TestRaft_leader_retries_appendentries_with_decremented_NextIdx_log_inconsistency
 running TestRaft_leader_append_entry_to_log_increases_idxno
 running TestRaft_leader_increase_commit_idx_when_majority_have_entry_and_atleast_one_newer_entry
 running TestRaft_leader_steps_down_if_received_appendentries_is_newer_than_itself
OK (71 tests)

make: Leaving directory `/home/jay/Desktop/Mutate/Mutate/CRaft-master'

--> MUTATION :: REM2NO_0.c

make: Entering directory `/home/jay/Desktop/Mutate/Mutate/CRaft-master'
gcc -g -Werror -Werror=return-type -Werror=uninitialized -Wcast-align -fno-omit-frame-pointer -fno-common -fsigned-char -fprofile-arcs -ftest-coverage -I./CLinkedListQueue -Iinclude -o tests_main raft_server.c raft_server_properties.c raft_log.c raft_node.c tests/main_test.c tests/test_server.c tests/test_node.c tests/test_log.c tests/test_scenario.c tests/mock_send_functions.c tests/CuTest.c CLinkedListQueue/linked_list_queue.c
raft_server.c: In function ‘raft_recv_appendentries’:
raft_server.c:208:11: error: assignment makes pointer from integer without a cast [-Werror]
         c = -1;
           ^
cc1: all warnings being treated as errors
make: *** [tests_main] Error 1
make: Leaving directory `/home/jay/Desktop/Mutate/Mutate/CRaft-master'

--> MUTATION :: FPDBO_20.c

make: Entering directory `/home/jay/Desktop/Mutate/Mutate/CRaft-master'
gcc -g -Werror -Werror=return-type -Werror=uninitialized -Wcast-align -fno-omit-frame-pointer -fno-common -fsigned-char -fprofile-arcs -ftest-coverage -I./CLinkedListQueue -Iinclude -o tests_main raft_server.c raft_server_properties.c raft_log.c raft_node.c tests/main_test.c tests/test_server.c tests/test_node.c tests/test_log.c tests/test_scenario.c tests/mock_send_functions.c tests/CuTest.c CLinkedListQueue/linked_list_queue.c
./tests_main
 running TestLog_new_is_empty
 running TestLog_append_is_not_empty
 running TestLog_get_at_idx
 running TestLog_get_at_idx_returns_null_where_out_of_bounds
 running TestLog_mark_node_has_committed_adds_nodes
 running TestLog_delete
 running TestLog_delete_onwards
 running TestLog_peektail
 running TestRaft_node_set_nextIdx
 running TestRaft_scenario_leader_appears
 running TestRaft_server_voted_for_records_who_we_voted_for
 running TestRaft_server_idx_starts_at_1
 running TestRaft_server_currentterm_defaults_to_0
 running TestRaft_server_set_currentterm_sets_term
 running TestRaft_server_voting_results_in_voting
 running TestRaft_election_start_increments_term
 running TestRaft_set_state
 running TestRaft_server_starts_as_follower
 running TestRaft_server_starts_with_election_timeout_of_1000ms
 running TestRaft_server_starts_with_request_timeout_of_200ms
 running TestRaft_server_entry_append_cant_append_if_id_is_zero
 running TestRaft_server_entry_append_increases_logidx
 running TestRaft_server_append_entry_means_entry_gets_current_term
 running TestRaft_server_entry_is_retrieveable_using_idx
 running TestRaft_server_wont_apply_entry_if_we_dont_have_entry_to_apply
 running TestRaft_server_increment_lastApplied_when_lastApplied_lt_commitidx
 running TestRaft_server_apply_entry_increments_last_applied_idx
 running TestRaft_server_periodic_elapses_election_timeout
 running TestRaft_server_election_timeout_sets_to_zero_when_elapsed_time_greater_than_timeout
 running TestRaft_server_cfg_sets_num_nodes
 running TestRaft_server_cant_get_node_we_dont_have
 running TestRaft_votes_are_majority_is_true
 running TestRaft_server_dont_increase_votes_for_me_when_receive_request_vote_response_is_not_granted
 running TestRaft_server_increase_votes_for_me_when_receive_request_vote_response
 running TestRaft_server_recv_requestvote_reply_false_if_term_less_than_current_term
 running TestRaft_server_dont_grant_vote_if_we_didnt_vote_for_this_candidate
 running TestRaft_follower_becomes_follower_is_follower
 running TestRaft_follower_becomes_follower_clears_voted_for
 running TestRaft_follower_recv_appendentries_reply_false_if_term_less_than_currentterm
 running TestRaft_follower_recv_appendentries_updates_currentterm_if_term_gt_currentterm
 running TestRaft_follower_doesnt_log_after_appendentry_if_no_entries_are_specified
 running TestRaft_follower_increases_log_after_appendentry
 running TestRaft_follower_recv_appendentries_reply_false_if_doesnt_have_log_at_prev_log_idx_which_matches_prev_log_term
 running TestRaft_follower_recv_appendentries_delete_entries_if_conflict_with_new_entries
 running TestRaft_follower_recv_appendentries_add_new_entries_not_already_in_log
 running TestRaft_follower_recv_appendentries_set_commitidx_to_prevLogIdx
 running TestRaft_follower_recv_appendentries_set_commitidx_to_LeaderCommit
 running TestRaft_follower_becomes_candidate_when_election_timeout_occurs
 running TestRaft_follower_dont_grant_vote_if_candidate_has_a_less_complete_log
 running TestRaft_candidate_becomes_candidate_is_candidate
 running TestRaft_follower_becoming_candidate_increments_current_term
 running TestRaft_follower_becoming_candidate_votes_for_self
 running TestRaft_follower_becoming_candidate_resets_election_timeout
 running TestRaft_follower_receiving_appendentries_resets_election_timeout
 running TestRaft_follower_becoming_candidate_requests_votes_from_other_servers
 running TestRaft_candidate_election_timeout_and_no_leader_results_in_new_election
 running TestRaft_candidate_receives_majority_of_votes_becomes_leader
 running TestRaft_candidate_will_not_respond_to_voterequest_if_it_has_already_voted
 running TestRaft_candidate_requestvote_includes_logidx
 running TestRaft_candidate_recv_appendentries_frm_leader_results_in_follower
 running TestRaft_candidate_recv_appendentries_frm_invalid_leader_doesnt_result_in_follower
 running TestRaft_leader_becomes_leader_is_leader
 running TestRaft_leader_becomes_leader_clears_voted_for
 running TestRaft_leader_when_becomes_leader_all_nodes_have_nextidx_equal_to_lastlog_idx_plus_1
 running TestRaft_leader_when_it_becomes_a_leader_sends_empty_appendentries
 running TestRaft_leader_responds_to_entry_msg_when_entry_is_committed
 running TestRaft_leader_sends_appendentries_with_NextIdx_when_PrevIdx_gt_NextIdx
 running TestRaft_leader_retries_appendentries_with_decremented_NextIdx_log_inconsistency
 running TestRaft_leader_append_entry_to_log_increases_idxno
 running TestRaft_leader_increase_commit_idx_when_majority_have_entry_and_atleast_one_newer_entry
 running TestRaft_leader_steps_down_if_received_appendentries_is_newer_than_itself
OK (71 tests)

make: Leaving directory `/home/jay/Desktop/Mutate/Mutate/CRaft-master'

--> MUTATION :: REM2N_1.c

make: Entering directory `/home/jay/Desktop/Mutate/Mutate/CRaft-master'
gcc -g -Werror -Werror=return-type -Werror=uninitialized -Wcast-align -fno-omit-frame-pointer -fno-common -fsigned-char -fprofile-arcs -ftest-coverage -I./CLinkedListQueue -Iinclude -o tests_main raft_server.c raft_server_properties.c raft_log.c raft_node.c tests/main_test.c tests/test_server.c tests/test_node.c tests/test_log.c tests/test_scenario.c tests/mock_send_functions.c tests/CuTest.c CLinkedListQueue/linked_list_queue.c
./tests_main
make: *** [tests_main] Segmentation fault (core dumped)
make: *** Deleting file `tests_main'
make: Leaving directory `/home/jay/Desktop/Mutate/Mutate/CRaft-master'

--> MUTATION :: REC2NO_0.c

make: Entering directory `/home/jay/Desktop/Mutate/Mutate/CRaft-master'
gcc -g -Werror -Werror=return-type -Werror=uninitialized -Wcast-align -fno-omit-frame-pointer -fno-common -fsigned-char -fprofile-arcs -ftest-coverage -I./CLinkedListQueue -Iinclude -o tests_main raft_server.c raft_server_properties.c raft_log.c raft_node.c tests/main_test.c tests/test_server.c tests/test_node.c tests/test_log.c tests/test_scenario.c tests/mock_send_functions.c tests/CuTest.c CLinkedListQueue/linked_list_queue.c
raft_server.c: In function ‘raft_new’:
raft_server.c:24:14: error: assignment makes pointer from integer without a cast [-Werror]
     if (!(me = -1))
              ^
cc1: all warnings being treated as errors
make: *** [tests_main] Error 1
make: Leaving directory `/home/jay/Desktop/Mutate/Mutate/CRaft-master'

--> MUTATION :: RMFS_20.c

make: Entering directory `/home/jay/Desktop/Mutate/Mutate/CRaft-master'
gcc -g -Werror -Werror=return-type -Werror=uninitialized -Wcast-align -fno-omit-frame-pointer -fno-common -fsigned-char -fprofile-arcs -ftest-coverage -I./CLinkedListQueue -Iinclude -o tests_main raft_server.c raft_server_properties.c raft_log.c raft_node.c tests/main_test.c tests/test_server.c tests/test_node.c tests/test_log.c tests/test_scenario.c tests/mock_send_functions.c tests/CuTest.c CLinkedListQueue/linked_list_queue.c
./tests_main
 running TestLog_new_is_empty
 running TestLog_append_is_not_empty
 running TestLog_get_at_idx
 running TestLog_get_at_idx_returns_null_where_out_of_bounds
 running TestLog_mark_node_has_committed_adds_nodes
 running TestLog_delete
 running TestLog_delete_onwards
 running TestLog_peektail
 running TestRaft_node_set_nextIdx
 running TestRaft_scenario_leader_appears
 running TestRaft_server_voted_for_records_who_we_voted_for
 running TestRaft_server_idx_starts_at_1
 running TestRaft_server_currentterm_defaults_to_0
 running TestRaft_server_set_currentterm_sets_term
 running TestRaft_server_voting_results_in_voting
 running TestRaft_election_start_increments_term
 running TestRaft_set_state
 running TestRaft_server_starts_as_follower
 running TestRaft_server_starts_with_election_timeout_of_1000ms
 running TestRaft_server_starts_with_request_timeout_of_200ms
 running TestRaft_server_entry_append_cant_append_if_id_is_zero
 running TestRaft_server_entry_append_increases_logidx
 running TestRaft_server_append_entry_means_entry_gets_current_term
 running TestRaft_server_entry_is_retrieveable_using_idx
 running TestRaft_server_wont_apply_entry_if_we_dont_have_entry_to_apply
 running TestRaft_server_increment_lastApplied_when_lastApplied_lt_commitidx
 running TestRaft_server_apply_entry_increments_last_applied_idx
 running TestRaft_server_periodic_elapses_election_timeout
 running TestRaft_server_election_timeout_sets_to_zero_when_elapsed_time_greater_than_timeout
 running TestRaft_server_cfg_sets_num_nodes
 running TestRaft_server_cant_get_node_we_dont_have
 running TestRaft_votes_are_majority_is_true
 running TestRaft_server_dont_increase_votes_for_me_when_receive_request_vote_response_is_not_granted
 running TestRaft_server_increase_votes_for_me_when_receive_request_vote_response
 running TestRaft_server_recv_requestvote_reply_false_if_term_less_than_current_term
 running TestRaft_server_dont_grant_vote_if_we_didnt_vote_for_this_candidate
 running TestRaft_follower_becomes_follower_is_follower
 running TestRaft_follower_becomes_follower_clears_voted_for
 running TestRaft_follower_recv_appendentries_reply_false_if_term_less_than_currentterm
 running TestRaft_follower_recv_appendentries_updates_currentterm_if_term_gt_currentterm
 running TestRaft_follower_doesnt_log_after_appendentry_if_no_entries_are_specified
 running TestRaft_follower_increases_log_after_appendentry
 running TestRaft_follower_recv_appendentries_reply_false_if_doesnt_have_log_at_prev_log_idx_which_matches_prev_log_term
 running TestRaft_follower_recv_appendentries_delete_entries_if_conflict_with_new_entries
 running TestRaft_follower_recv_appendentries_add_new_entries_not_already_in_log
 running TestRaft_follower_recv_appendentries_set_commitidx_to_prevLogIdx
 running TestRaft_follower_recv_appendentries_set_commitidx_to_LeaderCommit
 running TestRaft_follower_becomes_candidate_when_election_timeout_occurs
 running TestRaft_follower_dont_grant_vote_if_candidate_has_a_less_complete_log
 running TestRaft_candidate_becomes_candidate_is_candidate
 running TestRaft_follower_becoming_candidate_increments_current_term
 running TestRaft_follower_becoming_candidate_votes_for_self
 running TestRaft_follower_becoming_candidate_resets_election_timeout
 running TestRaft_follower_receiving_appendentries_resets_election_timeout
 running TestRaft_follower_becoming_candidate_requests_votes_from_other_servers
 running TestRaft_candidate_election_timeout_and_no_leader_results_in_new_election
 running TestRaft_candidate_receives_majority_of_votes_becomes_leader
 running TestRaft_candidate_will_not_respond_to_voterequest_if_it_has_already_voted
 running TestRaft_candidate_requestvote_includes_logidx
 running TestRaft_candidate_recv_appendentries_frm_leader_results_in_follower
 running TestRaft_candidate_recv_appendentries_frm_invalid_leader_doesnt_result_in_follower
 running TestRaft_leader_becomes_leader_is_leader
 running TestRaft_leader_becomes_leader_clears_voted_for
 running TestRaft_leader_when_becomes_leader_all_nodes_have_nextidx_equal_to_lastlog_idx_plus_1
 running TestRaft_leader_when_it_becomes_a_leader_sends_empty_appendentries
 running TestRaft_leader_responds_to_entry_msg_when_entry_is_committed
 running TestRaft_leader_sends_appendentries_with_NextIdx_when_PrevIdx_gt_NextIdx
 running TestRaft_leader_retries_appendentries_with_decremented_NextIdx_log_inconsistency
 running TestRaft_leader_append_entry_to_log_increases_idxno
 running TestRaft_leader_increase_commit_idx_when_majority_have_entry_and_atleast_one_newer_entry
 running TestRaft_leader_steps_down_if_received_appendentries_is_newer_than_itself
OK (71 tests)

make: Leaving directory `/home/jay/Desktop/Mutate/Mutate/CRaft-master'

--> MUTATION :: REC2N_0.c

make: Entering directory `/home/jay/Desktop/Mutate/Mutate/CRaft-master'
gcc -g -Werror -Werror=return-type -Werror=uninitialized -Wcast-align -fno-omit-frame-pointer -fno-common -fsigned-char -fprofile-arcs -ftest-coverage -I./CLinkedListQueue -Iinclude -o tests_main raft_server.c raft_server_properties.c raft_log.c raft_node.c tests/main_test.c tests/test_server.c tests/test_node.c tests/test_log.c tests/test_scenario.c tests/mock_send_functions.c tests/CuTest.c CLinkedListQueue/linked_list_queue.c
./tests_main
make: *** [tests_main] Segmentation fault (core dumped)
make: *** Deleting file `tests_main'
make: Leaving directory `/home/jay/Desktop/Mutate/Mutate/CRaft-master'
